2023-11-02 22:42:38.830 [main] INFO  [BasicApplication] - Starting BasicApplication using Java 11.0.0.1 on MS-WARELUWVOXZB with PID 4140 (D:\code\china\china-basic-manage\target\classes started by Administrator in D:\code\china)
2023-11-02 22:42:38.834 [main] INFO  [BasicApplication] - The following 1 profile is active: "dev"
2023-11-02 22:42:40.060 [main] INFO  [o.s.d.r.config.RepositoryConfigurationDelegate] - Multiple Spring Data modules found, entering strict repository configuration mode
2023-11-02 22:42:40.062 [main] INFO  [o.s.d.r.config.RepositoryConfigurationDelegate] - Bootstrapping Spring Data Redis repositories in DEFAULT mode.
2023-11-02 22:42:40.081 [main] INFO  [o.s.d.r.config.RepositoryConfigurationDelegate] - Finished Spring Data repository scanning in 4 ms. Found 0 Redis repository interfaces.
2023-11-02 22:42:40.899 [main] INFO  [o.s.boot.web.embedded.tomcat.TomcatWebServer] - Tomcat initialized with port(s): 8089 (http)
2023-11-02 22:42:40.907 [main] INFO  [org.apache.coyote.http11.Http11NioProtocol] - Initializing ProtocolHandler ["http-nio-8089"]
2023-11-02 22:42:40.909 [main] INFO  [org.apache.catalina.core.StandardService] - Starting service [Tomcat]
2023-11-02 22:42:40.909 [main] INFO  [org.apache.catalina.core.StandardEngine] - Starting Servlet engine: [Apache Tomcat/9.0.82]
2023-11-02 22:42:41.279 [main] INFO  [o.a.c.core.ContainerBase.[Tomcat].[localhost].[/]] - Initializing Spring embedded WebApplicationContext
2023-11-02 22:42:41.279 [main] INFO  [o.s.b.w.s.c.ServletWebServerApplicationContext] - Root WebApplicationContext: initialization completed in 2375 ms
2023-11-02 22:42:43.758 [main] INFO  [org.apache.coyote.http11.Http11NioProtocol] - Starting ProtocolHandler ["http-nio-8089"]
2023-11-02 22:42:43.785 [main] INFO  [o.s.boot.web.embedded.tomcat.TomcatWebServer] - Tomcat started on port(s): 8089 (http) with context path ''
2023-11-02 22:42:44.073 [main] INFO  [BasicApplication] - Started BasicApplication in 6.056 seconds (JVM running for 8.862)
2023-11-02 22:42:44.077 [main] INFO  [BasicApplication] - 启动成功！
2023-11-02 22:50:48.107 [http-nio-8089-exec-2] INFO  [o.a.c.core.ContainerBase.[Tomcat].[localhost].[/]] - Initializing Spring DispatcherServlet 'dispatcherServlet'
2023-11-02 22:50:48.108 [http-nio-8089-exec-2] INFO  [org.springframework.web.servlet.DispatcherServlet] - Initializing Servlet 'dispatcherServlet'
2023-11-02 22:50:48.109 [http-nio-8089-exec-2] INFO  [org.springframework.web.servlet.DispatcherServlet] - Completed initialization in 1 ms
2023-11-02 22:51:05.184 [http-nio-8089-exec-2] INFO  [com.china.basic.controller.LoginController] - 用户登录，userName:admin
2023-11-02 22:51:05.319 [http-nio-8089-exec-2] INFO  [com.alibaba.druid.pool.DruidDataSource] - {dataSource-1} inited
2023-11-02 22:51:22.805 [SpringApplicationShutdownHook] INFO  [com.alibaba.druid.pool.DruidDataSource] - {dataSource-1} closing ...
2023-11-02 22:51:22.806 [SpringApplicationShutdownHook] INFO  [com.alibaba.druid.pool.DruidDataSource] - {dataSource-1} closed
2023-11-02 22:51:27.801 [main] INFO  [BasicApplication] - Starting BasicApplication using Java 11.0.0.1 on MS-WARELUWVOXZB with PID 1960 (D:\code\china\china-basic-manage\target\classes started by Administrator in D:\code\china)
2023-11-02 22:51:27.804 [main] INFO  [BasicApplication] - The following 1 profile is active: "dev"
2023-11-02 22:51:28.797 [main] INFO  [o.s.d.r.config.RepositoryConfigurationDelegate] - Multiple Spring Data modules found, entering strict repository configuration mode
2023-11-02 22:51:28.799 [main] INFO  [o.s.d.r.config.RepositoryConfigurationDelegate] - Bootstrapping Spring Data Redis repositories in DEFAULT mode.
2023-11-02 22:51:28.818 [main] INFO  [o.s.d.r.config.RepositoryConfigurationDelegate] - Finished Spring Data repository scanning in 4 ms. Found 0 Redis repository interfaces.
2023-11-02 22:51:29.440 [main] INFO  [o.s.boot.web.embedded.tomcat.TomcatWebServer] - Tomcat initialized with port(s): 8089 (http)
2023-11-02 22:51:29.448 [main] INFO  [org.apache.coyote.http11.Http11NioProtocol] - Initializing ProtocolHandler ["http-nio-8089"]
2023-11-02 22:51:29.449 [main] INFO  [org.apache.catalina.core.StandardService] - Starting service [Tomcat]
2023-11-02 22:51:29.449 [main] INFO  [org.apache.catalina.core.StandardEngine] - Starting Servlet engine: [Apache Tomcat/9.0.82]
2023-11-02 22:51:29.560 [main] INFO  [o.a.c.core.ContainerBase.[Tomcat].[localhost].[/]] - Initializing Spring embedded WebApplicationContext
2023-11-02 22:51:29.560 [main] INFO  [o.s.b.w.s.c.ServletWebServerApplicationContext] - Root WebApplicationContext: initialization completed in 1701 ms
2023-11-02 22:51:31.866 [main] INFO  [org.apache.coyote.http11.Http11NioProtocol] - Starting ProtocolHandler ["http-nio-8089"]
2023-11-02 22:51:31.894 [main] INFO  [o.s.boot.web.embedded.tomcat.TomcatWebServer] - Tomcat started on port(s): 8089 (http) with context path ''
2023-11-02 22:51:32.227 [main] INFO  [BasicApplication] - Started BasicApplication in 5.028 seconds (JVM running for 6.072)
2023-11-02 22:51:32.230 [main] INFO  [BasicApplication] - 启动成功！
2023-11-02 22:52:52.948 [SpringApplicationShutdownHook] INFO  [com.alibaba.druid.pool.DruidDataSource] - {dataSource-0} closing ...
2023-11-02 22:52:56.627 [main] INFO  [BasicApplication] - Starting BasicApplication using Java 11.0.0.1 on MS-WARELUWVOXZB with PID 4808 (D:\code\china\china-basic-manage\target\classes started by Administrator in D:\code\china)
2023-11-02 22:52:56.629 [main] INFO  [BasicApplication] - The following 1 profile is active: "dev"
2023-11-02 22:52:57.905 [main] INFO  [o.s.d.r.config.RepositoryConfigurationDelegate] - Multiple Spring Data modules found, entering strict repository configuration mode
2023-11-02 22:52:57.907 [main] INFO  [o.s.d.r.config.RepositoryConfigurationDelegate] - Bootstrapping Spring Data Redis repositories in DEFAULT mode.
2023-11-02 22:52:57.930 [main] INFO  [o.s.d.r.config.RepositoryConfigurationDelegate] - Finished Spring Data repository scanning in 6 ms. Found 0 Redis repository interfaces.
2023-11-02 22:52:58.787 [main] INFO  [o.s.boot.web.embedded.tomcat.TomcatWebServer] - Tomcat initialized with port(s): 8089 (http)
2023-11-02 22:52:58.798 [main] INFO  [org.apache.coyote.http11.Http11NioProtocol] - Initializing ProtocolHandler ["http-nio-8089"]
2023-11-02 22:52:58.801 [main] INFO  [org.apache.catalina.core.StandardService] - Starting service [Tomcat]
2023-11-02 22:52:58.801 [main] INFO  [org.apache.catalina.core.StandardEngine] - Starting Servlet engine: [Apache Tomcat/9.0.82]
2023-11-02 22:52:58.940 [main] INFO  [o.a.c.core.ContainerBase.[Tomcat].[localhost].[/]] - Initializing Spring embedded WebApplicationContext
2023-11-02 22:52:58.941 [main] INFO  [o.s.b.w.s.c.ServletWebServerApplicationContext] - Root WebApplicationContext: initialization completed in 2249 ms
2023-11-02 22:53:01.268 [main] INFO  [org.apache.coyote.http11.Http11NioProtocol] - Starting ProtocolHandler ["http-nio-8089"]
2023-11-02 22:53:01.309 [main] INFO  [o.s.boot.web.embedded.tomcat.TomcatWebServer] - Tomcat started on port(s): 8089 (http) with context path ''
2023-11-02 22:53:01.637 [main] INFO  [BasicApplication] - Started BasicApplication in 5.689 seconds (JVM running for 6.87)
2023-11-02 22:53:01.642 [main] INFO  [BasicApplication] - 启动成功！
2023-11-02 22:54:17.782 [http-nio-8089-exec-2] INFO  [o.a.c.core.ContainerBase.[Tomcat].[localhost].[/]] - Initializing Spring DispatcherServlet 'dispatcherServlet'
2023-11-02 22:54:17.783 [http-nio-8089-exec-2] INFO  [org.springframework.web.servlet.DispatcherServlet] - Initializing Servlet 'dispatcherServlet'
2023-11-02 22:54:17.784 [http-nio-8089-exec-2] INFO  [org.springframework.web.servlet.DispatcherServlet] - Completed initialization in 1 ms
2023-11-02 22:54:17.821 [http-nio-8089-exec-2] INFO  [com.china.basic.controller.LoginController] - 用户登录，userName:admin
2023-11-02 22:54:17.924 [http-nio-8089-exec-2] INFO  [com.alibaba.druid.pool.DruidDataSource] - {dataSource-1} inited
2023-11-02 22:55:00.050 [Druid-ConnectionPool-Create-679656002] INFO  [com.alibaba.druid.pool.DruidAbstractDataSource] - {dataSource-1} failContinuous is true
2023-11-02 22:55:18.102 [http-nio-8089-exec-1] INFO  [com.china.basic.controller.LoginController] - 用户登录，userName:admin
2023-11-02 22:55:57.579 [SpringApplicationShutdownHook] INFO  [com.alibaba.druid.pool.DruidDataSource] - {dataSource-1} closing ...
2023-11-02 22:55:57.581 [SpringApplicationShutdownHook] INFO  [com.alibaba.druid.pool.DruidDataSource] - {dataSource-1} closed
2023-11-02 22:56:00.931 [main] INFO  [BasicApplication] - Starting BasicApplication using Java 11.0.0.1 on MS-WARELUWVOXZB with PID 6048 (D:\code\china\china-basic-manage\target\classes started by Administrator in D:\code\china)
2023-11-02 22:56:00.934 [main] INFO  [BasicApplication] - The following 1 profile is active: "dev"
2023-11-02 22:56:01.902 [main] INFO  [o.s.d.r.config.RepositoryConfigurationDelegate] - Multiple Spring Data modules found, entering strict repository configuration mode
2023-11-02 22:56:01.904 [main] INFO  [o.s.d.r.config.RepositoryConfigurationDelegate] - Bootstrapping Spring Data Redis repositories in DEFAULT mode.
2023-11-02 22:56:01.922 [main] INFO  [o.s.d.r.config.RepositoryConfigurationDelegate] - Finished Spring Data repository scanning in 4 ms. Found 0 Redis repository interfaces.
2023-11-02 22:56:02.551 [main] INFO  [o.s.boot.web.embedded.tomcat.TomcatWebServer] - Tomcat initialized with port(s): 8089 (http)
2023-11-02 22:56:02.561 [main] INFO  [org.apache.coyote.http11.Http11NioProtocol] - Initializing ProtocolHandler ["http-nio-8089"]
2023-11-02 22:56:02.562 [main] INFO  [org.apache.catalina.core.StandardService] - Starting service [Tomcat]
2023-11-02 22:56:02.563 [main] INFO  [org.apache.catalina.core.StandardEngine] - Starting Servlet engine: [Apache Tomcat/9.0.82]
2023-11-02 22:56:02.699 [main] INFO  [o.a.c.core.ContainerBase.[Tomcat].[localhost].[/]] - Initializing Spring embedded WebApplicationContext
2023-11-02 22:56:02.699 [main] INFO  [o.s.b.w.s.c.ServletWebServerApplicationContext] - Root WebApplicationContext: initialization completed in 1716 ms
2023-11-02 22:56:04.901 [main] INFO  [org.apache.coyote.http11.Http11NioProtocol] - Starting ProtocolHandler ["http-nio-8089"]
2023-11-02 22:56:04.947 [main] INFO  [o.s.boot.web.embedded.tomcat.TomcatWebServer] - Tomcat started on port(s): 8089 (http) with context path ''
2023-11-02 22:56:05.246 [main] INFO  [BasicApplication] - Started BasicApplication in 4.86 seconds (JVM running for 5.846)
2023-11-02 22:56:05.249 [main] INFO  [BasicApplication] - 启动成功！
2023-11-02 23:23:35.523 [SpringApplicationShutdownHook] INFO  [com.alibaba.druid.pool.DruidDataSource] - {dataSource-0} closing ...
2023-11-02 23:23:40.607 [main] INFO  [BasicApplication] - Starting BasicApplication using Java 11.0.0.1 on MS-WARELUWVOXZB with PID 4580 (D:\code\china\china-basic-manage\target\classes started by Administrator in D:\code\china)
2023-11-02 23:23:40.611 [main] INFO  [BasicApplication] - The following 1 profile is active: "dev"
2023-11-02 23:23:41.880 [main] INFO  [o.s.d.r.config.RepositoryConfigurationDelegate] - Multiple Spring Data modules found, entering strict repository configuration mode
2023-11-02 23:23:41.883 [main] INFO  [o.s.d.r.config.RepositoryConfigurationDelegate] - Bootstrapping Spring Data Redis repositories in DEFAULT mode.
2023-11-02 23:23:41.902 [main] INFO  [o.s.d.r.config.RepositoryConfigurationDelegate] - Finished Spring Data repository scanning in 4 ms. Found 0 Redis repository interfaces.
2023-11-02 23:23:42.682 [main] INFO  [o.s.boot.web.embedded.tomcat.TomcatWebServer] - Tomcat initialized with port(s): 8089 (http)
2023-11-02 23:23:42.692 [main] INFO  [org.apache.coyote.http11.Http11NioProtocol] - Initializing ProtocolHandler ["http-nio-8089"]
2023-11-02 23:23:42.694 [main] INFO  [org.apache.catalina.core.StandardService] - Starting service [Tomcat]
2023-11-02 23:23:42.694 [main] INFO  [org.apache.catalina.core.StandardEngine] - Starting Servlet engine: [Apache Tomcat/9.0.82]
2023-11-02 23:23:42.817 [main] INFO  [o.a.c.core.ContainerBase.[Tomcat].[localhost].[/]] - Initializing Spring embedded WebApplicationContext
2023-11-02 23:23:42.817 [main] INFO  [o.s.b.w.s.c.ServletWebServerApplicationContext] - Root WebApplicationContext: initialization completed in 2136 ms
2023-11-02 23:23:45.048 [main] INFO  [org.apache.coyote.http11.Http11NioProtocol] - Starting ProtocolHandler ["http-nio-8089"]
2023-11-02 23:23:45.097 [main] INFO  [o.s.boot.web.embedded.tomcat.TomcatWebServer] - Tomcat started on port(s): 8089 (http) with context path ''
2023-11-02 23:23:45.397 [main] INFO  [BasicApplication] - Started BasicApplication in 5.594 seconds (JVM running for 7.199)
2023-11-02 23:23:45.401 [main] INFO  [BasicApplication] - 启动成功！
2023-11-02 23:28:49.165 [SpringApplicationShutdownHook] INFO  [com.alibaba.druid.pool.DruidDataSource] - {dataSource-0} closing ...
2023-11-02 23:28:52.190 [main] INFO  [BasicApplication] - Starting BasicApplication using Java 11.0.0.1 on MS-WARELUWVOXZB with PID 4688 (D:\code\china\china-basic-manage\target\classes started by Administrator in D:\code\china)
2023-11-02 23:28:52.193 [main] INFO  [BasicApplication] - The following 1 profile is active: "dev"
2023-11-02 23:28:53.350 [main] INFO  [o.s.d.r.config.RepositoryConfigurationDelegate] - Multiple Spring Data modules found, entering strict repository configuration mode
2023-11-02 23:28:53.353 [main] INFO  [o.s.d.r.config.RepositoryConfigurationDelegate] - Bootstrapping Spring Data Redis repositories in DEFAULT mode.
2023-11-02 23:28:53.373 [main] INFO  [o.s.d.r.config.RepositoryConfigurationDelegate] - Finished Spring Data repository scanning in 5 ms. Found 0 Redis repository interfaces.
2023-11-02 23:28:54.176 [main] INFO  [o.s.boot.web.embedded.tomcat.TomcatWebServer] - Tomcat initialized with port(s): 8089 (http)
2023-11-02 23:28:54.208 [main] INFO  [org.apache.coyote.http11.Http11NioProtocol] - Initializing ProtocolHandler ["http-nio-8089"]
2023-11-02 23:28:54.211 [main] INFO  [org.apache.catalina.core.StandardService] - Starting service [Tomcat]
2023-11-02 23:28:54.211 [main] INFO  [org.apache.catalina.core.StandardEngine] - Starting Servlet engine: [Apache Tomcat/9.0.82]
2023-11-02 23:28:54.332 [main] INFO  [o.a.c.core.ContainerBase.[Tomcat].[localhost].[/]] - Initializing Spring embedded WebApplicationContext
2023-11-02 23:28:54.333 [main] INFO  [o.s.b.w.s.c.ServletWebServerApplicationContext] - Root WebApplicationContext: initialization completed in 2085 ms
2023-11-02 23:28:56.304 [main] INFO  [org.apache.coyote.http11.Http11NioProtocol] - Starting ProtocolHandler ["http-nio-8089"]
2023-11-02 23:28:56.327 [main] INFO  [o.s.boot.web.embedded.tomcat.TomcatWebServer] - Tomcat started on port(s): 8089 (http) with context path ''
2023-11-02 23:28:56.612 [main] INFO  [BasicApplication] - Started BasicApplication in 5.085 seconds (JVM running for 6.055)
2023-11-02 23:28:56.615 [main] INFO  [BasicApplication] - 启动成功！
2023-11-02 23:28:57.811 [http-nio-8089-exec-2] INFO  [o.a.c.core.ContainerBase.[Tomcat].[localhost].[/]] - Initializing Spring DispatcherServlet 'dispatcherServlet'
2023-11-02 23:28:57.812 [http-nio-8089-exec-2] INFO  [org.springframework.web.servlet.DispatcherServlet] - Initializing Servlet 'dispatcherServlet'
2023-11-02 23:28:57.813 [http-nio-8089-exec-2] INFO  [org.springframework.web.servlet.DispatcherServlet] - Completed initialization in 1 ms
2023-11-02 23:28:57.852 [http-nio-8089-exec-2] INFO  [com.china.basic.controller.LoginController] - 用户登录，userName:admin
2023-11-02 23:28:57.956 [http-nio-8089-exec-2] INFO  [com.alibaba.druid.pool.DruidDataSource] - {dataSource-1} inited
2023-11-02 23:28:58.778 [Druid-ConnectionPool-Create-814482681] INFO  [com.alibaba.druid.pool.DruidAbstractDataSource] - {dataSource-1} failContinuous is true
2023-11-02 23:30:00.828 [Druid-ConnectionPool-Create-814482681] INFO  [com.alibaba.druid.pool.DruidAbstractDataSource] - {dataSource-1} failContinuous is false
2023-11-02 23:30:28.496 [http-nio-8089-exec-3] INFO  [com.china.basic.controller.LoginController] - 用户登录，userName:admin
2023-11-02 23:40:30.912 [SpringApplicationShutdownHook] INFO  [com.alibaba.druid.pool.DruidDataSource] - {dataSource-1} closing ...
2023-11-02 23:40:30.915 [SpringApplicationShutdownHook] INFO  [com.alibaba.druid.pool.DruidDataSource] - {dataSource-1} closed
